not in process
check time true
Generate ids
Current page - 1
found posts
vendor not set id=99
vendor not set id=96
vendor not set id=93
vendor not set id=90
vendor not set id=87
vendor not set id=83
vendor not set id=79
vendor not set id=76
vendor not set id=73
vendor not set id=70
vendor not set id=67
vendor not set id=60
vendor not set id=56
vendor not set id=53
vendor not set id=50
vendor not set id=47
vendor not set id=40
vendor not set id=40
vendor not set id=37
vendor not set id=34
vendor not set id=31
vendor not set id=22
vendor not set id=22
vendor not set id=19
vendor not set id=15
is ismakeyml true
not in process
check time true
Generate ids
Current page - 1
found posts
vendor not set id=99
vendor not set id=96
vendor not set id=93
vendor not set id=90
vendor not set id=87
vendor not set id=83
vendor not set id=79
vendor not set id=76
vendor not set id=73
vendor not set id=70
vendor not set id=67
vendor not set id=60
vendor not set id=56
vendor not set id=53
vendor not set id=50
vendor not set id=47
vendor not set id=40
vendor not set id=40
vendor not set id=37
vendor not set id=34
vendor not set id=31
vendor not set id=22
vendor not set id=22
vendor not set id=19
vendor not set id=15
is ismakeyml true
not in process
check time true
Generate ids
Current page - 1
found posts
vendor not set id=99
vendor not set id=96
vendor not set id=93
vendor not set id=90
vendor not set id=87
vendor not set id=83
vendor not set id=79
vendor not set id=76
vendor not set id=73
vendor not set id=70
vendor not set id=67
vendor not set id=60
vendor not set id=56
vendor not set id=53
vendor not set id=50
vendor not set id=47
vendor not set id=40
vendor not set id=40
vendor not set id=37
vendor not set id=34
vendor not set id=31
vendor not set id=22
vendor not set id=22
vendor not set id=19
vendor not set id=15
is ismakeyml true
not in process
check time true
Generate ids
Current page - 1
found posts
vendor not set id=99
vendor not set id=96
vendor not set id=93
vendor not set id=90
vendor not set id=87
vendor not set id=83
vendor not set id=79
vendor not set id=76
vendor not set id=73
vendor not set id=70
vendor not set id=67
vendor not set id=60
vendor not set id=56
vendor not set id=53
vendor not set id=50
vendor not set id=47
vendor not set id=40
vendor not set id=40
vendor not set id=37
vendor not set id=34
vendor not set id=31
vendor not set id=22
vendor not set id=22
vendor not set id=19
vendor not set id=15
is ismakeyml true
not in process
check time true
Generate ids
Current page - 1
found posts
vendor not set id=99
vendor not set id=96
vendor not set id=93
vendor not set id=90
vendor not set id=87
vendor not set id=83
vendor not set id=79
vendor not set id=76
vendor not set id=73
vendor not set id=70
vendor not set id=67
vendor not set id=60
vendor not set id=56
vendor not set id=53
vendor not set id=50
vendor not set id=47
vendor not set id=40
vendor not set id=40
vendor not set id=37
vendor not set id=34
vendor not set id=31
vendor not set id=22
vendor not set id=22
vendor not set id=19
vendor not set id=15
is ismakeyml true
not in process
check time true
Generate ids
Current page - 1
found posts
vendor not set id=99
vendor not set id=96
vendor not set id=93
vendor not set id=90
vendor not set id=87
vendor not set id=83
vendor not set id=79
vendor not set id=76
vendor not set id=73
vendor not set id=70
vendor not set id=67
vendor not set id=60
vendor not set id=56
vendor not set id=53
vendor not set id=50
vendor not set id=47
vendor not set id=40
vendor not set id=40
vendor not set id=37
vendor not set id=34
vendor not set id=31
vendor not set id=22
vendor not set id=22
vendor not set id=19
vendor not set id=15
is ismakeyml true
not in process
check time true
Generate ids
Current page - 1
found posts
vendor not set id=99
vendor not set id=96
vendor not set id=93
vendor not set id=90
vendor not set id=87
vendor not set id=83
vendor not set id=79
vendor not set id=76
vendor not set id=73
vendor not set id=70
vendor not set id=67
vendor not set id=60
vendor not set id=56
vendor not set id=53
vendor not set id=50
vendor not set id=47
vendor not set id=40
vendor not set id=40
vendor not set id=37
vendor not set id=34
vendor not set id=31
vendor not set id=22
vendor not set id=22
vendor not set id=19
vendor not set id=15
is ismakeyml true
not in process
check time true
Generate ids
Current page - 1
found posts
vendor not set id=99
vendor not set id=96
vendor not set id=93
vendor not set id=90
vendor not set id=87
vendor not set id=83
vendor not set id=79
vendor not set id=76
vendor not set id=73
vendor not set id=70
vendor not set id=67
vendor not set id=60
vendor not set id=56
vendor not set id=53
vendor not set id=50
vendor not set id=47
vendor not set id=40
vendor not set id=40
vendor not set id=37
vendor not set id=34
vendor not set id=31
vendor not set id=22
vendor not set id=22
vendor not set id=19
vendor not set id=15
is ismakeyml true
not in process
check time true
Generate ids
Current page - 1
found posts
vendor not set id=99
vendor not set id=96
vendor not set id=93
vendor not set id=90
vendor not set id=87
vendor not set id=83
vendor not set id=79
vendor not set id=76
vendor not set id=73
vendor not set id=70
vendor not set id=67
vendor not set id=60
vendor not set id=56
vendor not set id=53
vendor not set id=50
vendor not set id=47
vendor not set id=40
vendor not set id=40
vendor not set id=37
vendor not set id=34
vendor not set id=31
vendor not set id=22
vendor not set id=22
vendor not set id=19
vendor not set id=15
is ismakeyml true
not in process
check time true
Generate ids
Current page - 1
found posts
vendor not set id=99
vendor not set id=96
vendor not set id=93
vendor not set id=90
vendor not set id=87
vendor not set id=83
vendor not set id=79
vendor not set id=76
vendor not set id=73
vendor not set id=70
vendor not set id=67
vendor not set id=60
vendor not set id=56
vendor not set id=53
vendor not set id=50
vendor not set id=47
vendor not set id=40
vendor not set id=40
vendor not set id=37
vendor not set id=34
vendor not set id=31
vendor not set id=22
vendor not set id=22
vendor not set id=19
vendor not set id=15
is ismakeyml true
not in process
check time true
Generate ids
Current page - 1
found posts
vendor not set id=99
vendor not set id=96
vendor not set id=93
vendor not set id=90
vendor not set id=87
vendor not set id=83
vendor not set id=79
vendor not set id=76
vendor not set id=73
vendor not set id=70
vendor not set id=67
vendor not set id=60
vendor not set id=56
vendor not set id=53
vendor not set id=50
vendor not set id=47
vendor not set id=40
vendor not set id=40
vendor not set id=37
vendor not set id=34
vendor not set id=31
vendor not set id=22
vendor not set id=22
vendor not set id=19
vendor not set id=15
is ismakeyml true
not in process
check time true
Generate ids
Current page - 1
found posts
vendor not set id=99
vendor not set id=96
vendor not set id=93
vendor not set id=90
vendor not set id=87
vendor not set id=83
vendor not set id=79
vendor not set id=76
vendor not set id=73
vendor not set id=70
vendor not set id=67
vendor not set id=60
vendor not set id=56
vendor not set id=53
vendor not set id=50
vendor not set id=47
vendor not set id=40
vendor not set id=40
vendor not set id=37
vendor not set id=34
vendor not set id=31
vendor not set id=22
vendor not set id=22
vendor not set id=19
vendor not set id=15
is ismakeyml true
not in process
check time true
Generate ids
Current page - 1
found posts
vendor not set id=99
vendor not set id=96
vendor not set id=93
vendor not set id=90
vendor not set id=87
vendor not set id=83
vendor not set id=79
vendor not set id=76
vendor not set id=73
vendor not set id=70
vendor not set id=67
vendor not set id=60
vendor not set id=56
vendor not set id=53
vendor not set id=50
vendor not set id=47
vendor not set id=40
vendor not set id=40
vendor not set id=37
vendor not set id=34
vendor not set id=31
vendor not set id=22
vendor not set id=22
vendor not set id=19
vendor not set id=15
is ismakeyml true
not in process
check time true
Generate ids
Current page - 1
found posts
vendor not set id=99
vendor not set id=96
vendor not set id=93
vendor not set id=90
vendor not set id=87
vendor not set id=83
vendor not set id=79
vendor not set id=76
vendor not set id=73
vendor not set id=70
vendor not set id=67
vendor not set id=60
vendor not set id=56
vendor not set id=53
vendor not set id=50
vendor not set id=47
vendor not set id=40
vendor not set id=40
vendor not set id=37
vendor not set id=34
vendor not set id=31
vendor not set id=22
vendor not set id=22
vendor not set id=19
vendor not set id=15
is ismakeyml true
not in process
check time true
Generate ids
Current page - 1
found posts
vendor not set id=99
vendor not set id=96
vendor not set id=93
vendor not set id=90
vendor not set id=87
vendor not set id=83
vendor not set id=79
vendor not set id=76
vendor not set id=73
vendor not set id=70
vendor not set id=67
vendor not set id=60
vendor not set id=56
vendor not set id=53
vendor not set id=50
vendor not set id=47
vendor not set id=40
vendor not set id=40
vendor not set id=37
vendor not set id=34
vendor not set id=31
vendor not set id=22
vendor not set id=22
vendor not set id=19
vendor not set id=15
is ismakeyml true
not in process
check time true
Generate ids
Current page - 1
found posts
vendor not set id=99
vendor not set id=96
vendor not set id=93
vendor not set id=90
vendor not set id=87
vendor not set id=83
vendor not set id=79
vendor not set id=76
vendor not set id=73
vendor not set id=70
vendor not set id=67
vendor not set id=60
vendor not set id=56
vendor not set id=53
vendor not set id=50
vendor not set id=47
vendor not set id=40
vendor not set id=40
vendor not set id=37
vendor not set id=34
vendor not set id=31
vendor not set id=22
vendor not set id=22
vendor not set id=19
vendor not set id=15
is ismakeyml true
not in process
check time true
Generate ids
Current page - 1
found posts
vendor not set id=99
vendor not set id=96
vendor not set id=93
vendor not set id=90
vendor not set id=87
vendor not set id=83
vendor not set id=79
vendor not set id=76
vendor not set id=73
vendor not set id=70
vendor not set id=67
vendor not set id=60
vendor not set id=56
vendor not set id=53
vendor not set id=50
vendor not set id=47
vendor not set id=40
vendor not set id=40
vendor not set id=37
vendor not set id=34
vendor not set id=31
vendor not set id=22
vendor not set id=22
vendor not set id=19
vendor not set id=15
is ismakeyml true
vendor not set id=99
vendor not set id=99
vendor not set id=99
vendor not set id=96
vendor not set id=96
vendor not set id=96
vendor not set id=96
vendor not set id=96
vendor not set id=96
vendor not set id=96
not in process
check time true
Generate ids
Current page - 1
found posts
is ismakeyml true
Generate ids
not in process
check time true
Generate ids
Current page - 1
found posts
is ismakeyml true
Generate ids
Generate ids
Generate ids
Generate ids
Generate ids
Generate ids
Generate ids
Generate ids
not in process
check time true
Generate ids
Current page - 1
found posts
is ismakeyml true
Generate ids
Generate ids
Generate ids
Generate ids
Generate ids
Generate ids
Generate ids
Generate ids
not in process
check time true
Generate ids
Current page - 1
found posts
is ismakeyml true
not in process
check time true
Generate ids
Current page - 1
found posts
is ismakeyml true
not in process
check time true
Generate ids
Current page - 1
found posts
is ismakeyml true
Generate ids
not in process
check time true
Generate ids
Current page - 1
found posts
is ismakeyml true
Generate ids
not in process
check time true
Generate ids
Current page - 1
found posts
is ismakeyml true
Generate ids
Generate ids
not in process
check time true
Generate ids
Current page - 1
found posts
is ismakeyml true
Generate ids
not in process
check time true
Generate ids
Current page - 1
found posts
is ismakeyml true
Generate ids
not in process
check time true
Generate ids
Current page - 1
found posts
is ismakeyml true
not in process
check time true
Generate ids
Current page - 1
found posts
is ismakeyml true
Generate ids
Generate ids
not in process
check time true
Generate ids
Current page - 1
found posts
is ismakeyml true
